<?xml version="1.0" encoding="UTF-8"?>
<!-- Generated by org.testng.reporters.JUnitReportReporter -->
<testsuite hostname="DESKTOP-81LIGLB" failures="0" tests="1" name="packageselnium.testclass" time="0.017" errors="0" timestamp="2022-05-24T21:53:45 IST" skipped="0">
  <testcase classname="packageselnium.testclass" name="method1" time="0.017"/>
  <system-out/>
</testsuite> <!-- packageselnium.testclass -->
